# JRE version: OpenJDK Runtime Environment Temurin-21.0.10+7 (21.0.10+7) (build 21.0.10+7-LTS)
# Java VM: OpenJDK 64-Bit Server VM Temurin-21.0.10+7 (21.0.10+7-LTS, mixed mode, sharing, tiered, compressed oops, compressed class ptrs, g1 gc, windows-amd64)
GC Precious Log:
 CardTable entry size: 512
 Card Set container configuration: InlinePtr #cards 5 size 8 Array Of Cards #cards 12 size 40 Howl #buckets 4 coarsen threshold 1843 Howl Bitmap #cards 512 size 80 coarsen threshold 460 Card regions per heap region 1 cards per card region 2048
 CPUs: 12 total, 12 available
 Memory: 7439M
 Large Page Support: Disabled
 NUMA Support: Disabled
 Compressed Oops: Enabled (32-bit)
 Heap Region Size: 1M
 Heap Min Capacity: 8M
 Heap Initial Capacity: 118M
 Heap Max Capacity: 1860M
 Pre-touch: Disabled
 Parallel Workers: 10
 Concurrent Workers: 3
 Concurrent Refinement Workers: 10
 Periodic GC: Disabled
Heap:
 garbage-first heap   total 245760K, used 54739K [0x000000008bc00000, 0x0000000100000000)
  region size 1024K, 1 young (1024K), 1 survivors (1024K)
 Metaspace       used 79571K, committed 80320K, reserved 1179648K
  class space    used 11109K, committed 11456K, reserved 1048576K
GC Heap History (20 events):
Event: 11.895 GC heap after
{Heap after GC invocations=25 (full 0):
 garbage-first heap   total 145408K, used 57224K [0x000000008bc00000, 0x0000000100000000)
  region size 1024K, 3 young (3072K), 3 survivors (3072K)
 Metaspace       used 76124K, committed 76864K, reserved 1179648K
  class space    used 10589K, committed 10944K, reserved 1048576K
}
Event: 12.177 GC heap before
{Heap before GC invocations=26 (full 0):
 garbage-first heap   total 145408K, used 108424K [0x000000008bc00000, 0x0000000100000000)
  region size 1024K, 54 young (55296K), 3 survivors (3072K)
 Metaspace       used 78412K, committed 79168K, reserved 1179648K
  class space    used 10898K, committed 11264K, reserved 1048576K
}
Event: 12.189 GC heap after
{Heap after GC invocations=27 (full 0):
 garbage-first heap   total 145408K, used 71444K [0x000000008bc00000, 0x0000000100000000)
  region size 1024K, 7 young (7168K), 7 survivors (7168K)
 Metaspace       used 78412K, committed 79168K, reserved 1179648K
  class space    used 10898K, committed 11264K, reserved 1048576K
}
Event: 12.269 GC heap before
{Heap before GC invocations=27 (full 0):
 garbage-first heap   total 145408K, used 115476K [0x000000008bc00000, 0x0000000100000000)
  region size 1024K, 50 young (51200K), 7 survivors (7168K)
 Metaspace       used 78432K, committed 79168K, reserved 1179648K
  class space    used 10898K, committed 11264K, reserved 1048576K
}
Event: 12.276 GC heap after
{Heap after GC invocations=28 (full 0):
 garbage-first heap   total 145408K, used 76799K [0x000000008bc00000, 0x0000000100000000)
  region size 1024K, 5 young (5120K), 5 survivors (5120K)
 Metaspace       used 78432K, committed 79168K, reserved 1179648K
  class space    used 10898K, committed 11264K, reserved 1048576K
}
Event: 12.493 GC heap before
{Heap before GC invocations=28 (full 0):
 garbage-first heap   total 145408K, used 119807K [0x000000008bc00000, 0x0000000100000000)
  region size 1024K, 47 young (48128K), 5 survivors (5120K)
 Metaspace       used 79211K, committed 80000K, reserved 1179648K
  class space    used 11007K, committed 11392K, reserved 1048576K
}
Event: 12.496 GC heap after
{Heap after GC invocations=29 (full 0):
 garbage-first heap   total 145408K, used 77558K [0x000000008bc00000, 0x0000000100000000)
  region size 1024K, 5 young (5120K), 5 survivors (5120K)
 Metaspace       used 79211K, committed 80000K, reserved 1179648K
  class space    used 11007K, committed 11392K, reserved 1048576K
}
Event: 12.568 GC heap before
{Heap before GC invocations=30 (full 0):
 garbage-first heap   total 145408K, used 106230K [0x000000008bc00000, 0x0000000100000000)
  region size 1024K, 47 young (48128K), 5 survivors (5120K)
 Metaspace       used 79221K, committed 80000K, reserved 1179648K
  class space    used 11007K, committed 11392K, reserved 1048576K
}
Event: 12.572 GC heap after
{Heap after GC invocations=31 (full 0):
 garbage-first heap   total 145408K, used 66081K [0x000000008bc00000, 0x0000000100000000)
  region size 1024K, 6 young (6144K), 6 survivors (6144K)
 Metaspace       used 79221K, committed 80000K, reserved 1179648K
  class space    used 11007K, committed 11392K, reserved 1048576K
}
Event: 12.641 GC heap before
{Heap before GC invocations=31 (full 0):
 garbage-first heap   total 145408K, used 117281K [0x000000008bc00000, 0x0000000100000000)
  region size 1024K, 56 young (57344K), 6 survivors (6144K)
 Metaspace       used 79235K, committed 80000K, reserved 1179648K
  class space    used 11012K, committed 11392K, reserved 1048576K
}
Event: 12.642 GC heap after
{Heap after GC invocations=32 (full 0):
 garbage-first heap   total 145408K, used 50934K [0x000000008bc00000, 0x0000000100000000)
  region size 1024K, 2 young (2048K), 2 survivors (2048K)
 Metaspace       used 79235K, committed 80000K, reserved 1179648K
  class space    used 11012K, committed 11392K, reserved 1048576K
}
Event: 12.806 GC heap before
{Heap before GC invocations=32 (full 0):
 garbage-first heap   total 145408K, used 113398K [0x000000008bc00000, 0x0000000100000000)
  region size 1024K, 63 young (64512K), 2 survivors (2048K)
 Metaspace       used 79564K, committed 80320K, reserved 1179648K
  class space    used 11109K, committed 11456K, reserved 1048576K
}
Event: 13.845 GC heap after
{Heap after GC invocations=33 (full 0):
 garbage-first heap   total 245760K, used 52435K [0x000000008bc00000, 0x0000000100000000)
  region size 1024K, 3 young (3072K), 3 survivors (3072K)
 Metaspace       used 79564K, committed 80320K, reserved 1179648K
  class space    used 11109K, committed 11456K, reserved 1048576K
}
Event: 13.881 GC heap before
{Heap before GC invocations=33 (full 0):
 garbage-first heap   total 178176K, used 61651K [0x000000008bc00000, 0x0000000100000000)
  region size 1024K, 12 young (12288K), 3 survivors (3072K)
 Metaspace       used 79566K, committed 80320K, reserved 1179648K
  class space    used 11109K, committed 11456K, reserved 1048576K
}
Event: 13.883 GC heap after
{Heap after GC invocations=34 (full 0):
 garbage-first heap   total 178176K, used 51704K [0x000000008bc00000, 0x0000000100000000)
  region size 1024K, 1 young (1024K), 1 survivors (1024K)
 Metaspace       used 79566K, committed 80320K, reserved 1179648K
  class space    used 11109K, committed 11456K, reserved 1048576K
}
Event: 13.892 GC heap before
{Heap before GC invocations=35 (full 0):
 garbage-first heap   total 178176K, used 57848K [0x000000008bc00000, 0x0000000100000000)
  region size 1024K, 8 young (8192K), 1 survivors (1024K)
 Metaspace       used 79567K, committed 80320K, reserved 1179648K
  class space    used 11109K, committed 11456K, reserved 1048576K
}
Event: 13.894 GC heap after
{Heap after GC invocations=36 (full 0):
 garbage-first heap   total 178176K, used 52969K [0x000000008bc00000, 0x0000000100000000)
  region size 1024K, 1 young (1024K), 1 survivors (1024K)
 Metaspace       used 79567K, committed 80320K, reserved 1179648K
  class space    used 11109K, committed 11456K, reserved 1048576K
}
Event: 13.901 GC heap before
{Heap before GC invocations=36 (full 0):
 garbage-first heap   total 178176K, used 60137K [0x000000008bc00000, 0x0000000100000000)
  region size 1024K, 8 young (8192K), 1 survivors (1024K)
 Metaspace       used 79569K, committed 80320K, reserved 1179648K
  class space    used 11109K, committed 11456K, reserved 1048576K
}
Event: 13.904 GC heap after
{Heap after GC invocations=37 (full 0):
 garbage-first heap   total 178176K, used 54255K [0x000000008bc00000, 0x0000000100000000)
  region size 1024K, 1 young (1024K), 1 survivors (1024K)
 Metaspace       used 79569K, committed 80320K, reserved 1179648K
  class space    used 11109K, committed 11456K, reserved 1048576K
}
Event: 13.912 GC heap before
{Heap before GC invocations=37 (full 0):
 garbage-first heap   total 178176K, used 61423K [0x000000008bc00000, 0x0000000100000000)
  region size 1024K, 8 young (8192K), 1 survivors (1024K)
 Metaspace       used 79571K, committed 80320K, reserved 1179648K
  class space    used 11109K, committed 11456K, reserved 1048576K
}

